2024-05-14 - 16:06:36
Workflow 'Update workflow.' started.
              Using DaVinci Configurator  5.18.37 SP1 (x86_64).
 16:06:36 - Action 'Validate workflow environment' started.
 16:06:36 - Action 'Validate dpa file' started.
 16:06:36 - Action 'Validate dpa file' successfully finished.
 16:06:36 - Action 'SLP conformance check' started.
 16:06:36 - Action 'SLP conformance check' successfully finished.
 16:06:36 - Action 'Validate workflow environment' successfully finished.
 16:06:36 - Action 'Input File Pre-Processing' started.
 16:06:36 - Action 'Converting legacy file(s) to AUTOSAR files' started.
 16:06:36 - Action 'Converting legacy file(s) to AUTOSAR files' started.
              Convert legacy file(s) to System Description.
              Used executable: E:\AUTOSAR_TOOLs\S32K144_SIP\MICROSAR\CBD1800257_D01_S32K1xx\Generators\LegacyDb2SystemDescrConverter\LegacyDb2SystemDescrConverter.exe.
              Arguments: "E:\AUTOSAR_TOOLs\S32K144_SIP\MICROSAR\CBD1800257_D01_S32K1xx\Applications\S32K144_Start_new_IAR\Inputfiles\CAN.dbc" -o "C:\Users\fengzixuan\AppData\Local\Temp\DaVinci\Cfg-8949349\LegacyConverterResults\1715673996637-0\ConvertedLegacy" -r 42 -e -v 19.
              
              Vector Legacy Database Converter.
              Version: 1.8.24.0.
              Copyright (c) 2018 Vector Informatik GmbH.
              License is restricted to the usage with CBD1800257 (D01) for MSR_Vector_SLP4.
              
              [info] SIP License found as E:\AUTOSAR_TOOLs\S32K144_SIP\MICROSAR\CBD1800257_D01_S32K1xx\SipLicense.lic.
              [info] Command line: E:\AUTOSAR_TOOLs\S32K144_SIP\MICROSAR\CBD1800257_D01_S32K1xx\Generators\LegacyDb2SystemDescrConverter\LegacyDb2SystemDescrConverter.exe "E:\AUTOSAR_TOOLs\S32K144_SIP\MICROSAR\CBD1800257_D01_S32K1xx\Applications\S32K144_Start_new_IAR\Inputfiles\CAN.dbc" -o "C:\Users\fengzixuan\AppData\Local\Temp\DaVinci\Cfg-8949349\LegacyConverterResults\1715673996637-0\ConvertedLegacy" -r 42 -e -v 19.
              [info] Converting DBC file E:\AUTOSAR_TOOLs\S32K144_SIP\MICROSAR\CBD1800257_D01_S32K1xx\Applications\S32K144_Start_new_IAR\Inputfiles\CAN.dbc.
              [error] DBC attribute definition GenMsgSendType has unknown default value cyclicX.
              [error] DBC attribute definition GenSigSendType has unknown default value cyclicX.
              [info] Writing System Description...
              [info] Writing 3 ECU Extracts...
              
              C:\Users\fengzixuan\AppData\Local\Temp\DaVinci\Cfg-8949349\LegacyConverterResults\1715673996637-0\ConvertedLegacy.arxml.
              C:\Users\fengzixuan\AppData\Local\Temp\DaVinci\Cfg-8949349\LegacyConverterResults\1715673996637-0\ConvertedLegacy_MyECU.arxml.
              C:\Users\fengzixuan\AppData\Local\Temp\DaVinci\Cfg-8949349\LegacyConverterResults\1715673996637-0\ConvertedLegacy_RearECU.arxml.
              C:\Users\fengzixuan\AppData\Local\Temp\DaVinci\Cfg-8949349\LegacyConverterResults\1715673996637-0\ConvertedLegacy_Tester.arxml.
              Elapsed time: 0.477 seconds.
              2 Errors.
              0 Warnings.
              [Warning] Legacy Converter finished with errors/warnings.
 16:06:37 - Action 'Converting legacy file(s) to AUTOSAR files' successfully finished with warnings.
                 [Warning] Legacy Converter finished with errors/warnings.
 16:06:37 - Action 'Converting legacy file(s) to AUTOSAR files' successfully finished with warnings.
                 [Warning] Legacy Converter finished with errors/warnings.
 16:06:37 - Action 'Merge input files' started.
              Loading model "E:\Davinci\20240509\CGW050901.arxml"...
              Loading model "C:\Users\fengzixuan\AppData\Local\Temp\DaVinci\Cfg-8949349\LegacyConverterResults\1715673996637-0\ConvertedLegacy_MyECU.arxml"...
              Instantiating pre-processors for model "E:\Davinci\20240509\CGW050901.arxml"...
              Instantiating pre-processors for model "C:\Users\fengzixuan\AppData\Local\Temp\DaVinci\Cfg-8949349\LegacyConverterResults\1715673996637-0\ConvertedLegacy_MyECU.arxml"...
              Instantiating post-processors...
              Instantiating mergers for model "C:\Users\fengzixuan\AppData\Local\Temp\DaVinci\Cfg-8949349\LegacyConverterResults\1715673996637-0\ConvertedLegacy_MyECU.arxml"...
              Applying pre-processors to "E:\Davinci\20240509\CGW050901.arxml"...
              Applying pre-processors to "E:\Davinci\20240509\CGW050901.arxml"...
              Scanning "C:\Users\fengzixuan\AppData\Local\Temp\DaVinci\Cfg-8949349\LegacyConverterResults\1715673996637-0\ConvertedLegacy_MyECU.arxml"...
              Applying mergers to "E:\Davinci\20240509\CGW050901.arxml"...
              Applying mergers to "E:\Davinci\20240509\CGW050901.arxml"...
              Setting name of EcuInstance "/ECU/MyECU" to 'CGW'.
              Creating Package '/Topology'.
              Creating Package '/Topology/HardwareComponents'.
              Moving EcuInstance "/ECU/CGW" to ARPackage '/Topology/HardwareComponents'.
              Creating Package '/System'.
              Moving System "/VehicleProject/System" to ARPackage '/System'.
              Scanning "C:\Users\fengzixuan\AppData\Local\Temp\DaVinci\Cfg-8949349\LegacyConverterResults\1715673996637-0\ConvertedLegacy_MyECU.arxml"...
              Applying default refactorings to "E:\Davinci\20240509\CGW050901.arxml"...
              Applying default refactorings to "E:\Davinci\20240509\CGW050901.arxml"...
              Setting sleepModeSupported of EcuInstance "/Topology/HardwareComponents/CGW" to 'true'.
              Setting wakeUpOverBusSupported of EcuInstance "/Topology/HardwareComponents/CGW" to 'true'.
              Merging...
              Cleaning up merge result...
              Deleting ARPackage "/Constant".
              Deleting ARPackage "/FlexrayFrame".
              Deleting ARPackage "/LinFrame".
              Deleting ARPackage "/Gateway".
              Deleting ARPackage "/ECU".
              Deleting ARPackage "/Diagnostics".
              Deleting ARPackage "/VehicleProject".
              The input configuration has been extended automatically by the merger.
              Checking if merge result is a valid ECU extract...
              [Error]   J1939Cluster "CANJ1939Cluster4" is not topologically connected to any EcuInstance.
              [Error]   J1939Cluster "CANJ1939Cluster5" is not topologically connected to any EcuInstance.
 16:06:41 - Action 'Merge input files' aborted due to errors.
                 [Error] J1939Cluster "CANJ1939Cluster4" is not topologically connected to any EcuInstance.
                 [Error] J1939Cluster "CANJ1939Cluster5" is not topologically connected to any EcuInstance.
 16:06:41 - Action 'Converting legacy diagnostics file(s) to AUTOSAR files' started.
              [16:06:42] INFO   ----> Process of diagnostic specification.
              [16:06:43] INFO   DDM-Version: 14.0.0 (RELEASE).
              [16:06:43] INFO   Importing ODX file E:\AUTOSAR_TOOLs\S32K144_SIP\MICROSAR\CBD1800257_D01_S32K1xx\Applications\S32K144_Start_new_IAR\Inputfiles\ForTraining.cdd, ECU: New_ECU_1, variant: CommonDiagnostics.
              [16:06:43] INFO   Selecting ECU 'New_ECU_1'  Variant 'CommonDiagnostics'  Protocol UDS.
              [16:06:43] INFO   Selecting Manufacturer 'Vector'.
              [16:06:43] INFO   'Vector' was selected and 'Vector' was detected.
              [16:06:43] INFO   Importing Database information.
              [16:06:43] INFO   ----> Importing Variants.
              [16:06:43] INFO   <---- Importing Variants.
              [16:06:43] INFO   ----> Importing StateGroups.
              [16:06:43] INFO   Importing StateMachine information.
              [16:06:43] INFO   <---- Importing StateGroups.
              [16:06:43] INFO   ----> Importing Services.
              [16:06:43] INFO   Importing Service '1001'.
              [16:06:43] INFO   Importing Service '1002'.
              [16:06:43] INFO   Importing Service '1003'.
              [16:06:43] INFO   Importing Service '1101'.
              [16:06:43] INFO   Importing Service '14'.
              [16:06:43] INFO   Importing Service '1901'.
              [16:06:43] INFO   Importing Service '1902'.
              [16:06:43] INFO   Importing Service '1906'.
              [16:06:43] INFO   Importing Service '221000'.
              [16:06:43] INFO   Importing Service '2701'.
              [16:06:43] INFO   Importing Service '2702'.
              [16:06:43] INFO   Importing Service '2E1000'.
              [16:06:43] INFO   Importing Service '3E00'.
              [16:06:43] INFO   Importing Service '8501'.
              [16:06:43] INFO   Importing Service '8502'.
              [16:06:43] INFO   <---- Importing Services.
              [16:06:43] INFO   ----> Importing FaultMemory.
              [16:06:43] INFO   Importing FaultMemory.
              [16:06:43] WARN   Could not extract DTC format.
              [16:06:43] INFO   AddSnapshotRecords for DTC 2.
              [16:06:43] WARN   Could not find SnapshotRecords for DTC (0x2). .
              [16:06:43] INFO   <---- Importing FaultMemory.
              [16:06:43] INFO   ----> Importing FreezeFrame.
              [16:06:43] INFO   <---- Importing FreezeFrame.
              [16:06:43] INFO   ----> Importing DiagSettings.
              [16:06:43] INFO   Importing DiagSettings.
              [16:06:43] WARN   TimeBr > 100: Setting to 100.
              [16:06:43] WARN   TimeCs > 100: Setting to 100.
              [16:06:43] INFO   <---- Importing DiagSettings.
              [16:06:43] INFO   ----> Importing DataCompProps.
              [16:06:43] INFO   <---- Importing DataCompProps.
              [16:06:43] INFO   ODX Import finished successfully.
              [16:06:43] INFO   Shaping imported model.
              [16:06:43] INFO   Adding shaper script to remove freeze frame 0x00.
              [16:06:43] INFO   >>>>>>>>>>>>>>>> SHAPING preparation >>>>>>>>>>>>>>>>.
              [16:06:43] INFO   <<<<<<<<<<<<<<<< SHAPING ready after 0s (0ms) <<<<<<<<<<<<<<<<.
              [16:06:43] INFO   >>>>>>>>>>>>>>>> SHAPING started >>>>>>>>>>>>>>>>.
              [16:06:43] INFO   >>>>>>>>>>>>>>>> ShapingStep ServiceSelection >>>>>>>>>>>>>>>>.
              [16:06:43] INFO   <<<<<<<<<<<<<<<< ShapingStep ServiceSelection( completed in 0s (0ms) <<<<<<<<<<<<<<<<.
              [16:06:43] INFO   >>>>>>>>>>>>>>>> ShapingStep DataPreparation >>>>>>>>>>>>>>>>.
              [16:06:43] NOTE     - Shape Data Comp Collections.
              [16:06:43] INFO   At Ecu .
              [16:06:43] INFO     - Fix Unsigned Boolean.
              [16:06:43] INFO     - Convert XInt24/XInt64 to Byte-Array.
              [16:06:43] INFO     - Set Compu-Scale Symbols.
              [16:06:43] INFO   <<<<<<<<<<<<<<<< ShapingStep DataPreparation( completed in 0s (0ms) <<<<<<<<<<<<<<<<.
              [16:06:43] INFO   >>>>>>>>>>>>>>>> ShapingStep ServiceDefinition >>>>>>>>>>>>>>>>.
              [16:06:43] INFO   Finding duplicated services... .
              [16:06:43] INFO   Destroying duplicated services... .
              [16:06:43] INFO   At Service 0x22 SubService 0x1000 .
              [16:06:43] INFO     - Applying service definition shaping to protocol component [RecordDataIdentifier].
              [16:06:43] INFO     - Service has now new definition: 0x22 0x1000 Diag_RWDI_LightOnOffCounter_Read.
              [16:06:43] INFO     - Applying service definition shaping to protocol component [RecordDataIdentifier].
              [16:06:43] INFO     - Service has now new definition: 0x22 0x1000 Diag_RWDI_LightOnOffCounter_Read.
              [16:06:43] INFO   At Service 0x2e SubService 0x1000 .
              [16:06:43] INFO     - Applying service definition shaping to protocol component [RecordDataIdentifier].
              [16:06:43] INFO     - Service has now new definition: 0x2e 0x1000 Diag_RWDI_LightOnOffCounter_Write.
              [16:06:43] INFO     - Applying service definition shaping to protocol component [RecordDataIdentifier].
              [16:06:43] INFO     - Service has now new definition: 0x2e 0x1000 Diag_RWDI_LightOnOffCounter_Write.
              [16:06:43] INFO   <<<<<<<<<<<<<<<< ShapingStep ServiceDefinition( completed in 0s (0ms) <<<<<<<<<<<<<<<<.
              [16:06:43] INFO   >>>>>>>>>>>>>>>> ShapingStep DataDefinition >>>>>>>>>>>>>>>>.
              [16:06:43] INFO   Service: 0x2e 0x1000 Diag_RWDI_LightOnOffCounter_Write shared data components linked to: Service: 0x22 0x1000 Diag_RWDI_LightOnOffCounter_Read !!!.
              [16:06:43] INFO   At Service 0x19 SubService 0x1 (atomic) .
              [16:06:43] INFO     - Attribute 'FaultmemoryData' changed from 'N/A' to 'TESTFAULT'.
              [16:06:43] INFO   At Service 0x10 SubService 0x1 (atomic) .
              [16:06:43] INFO     - Attribute 'FaultmemoryData' changed from 'N/A' to 'TESTFAULT'.
              [16:06:43] INFO   At Service 0x10 SubService 0x1 (atomic) .
              [16:06:43] INFO     - Attribute 'FaultmemoryData' changed from 'N/A' to 'TESTFAULT'.
              [16:06:43] INFO   At Service 0x10 SubService 0x2 (atomic) .
              [16:06:43] INFO     - Attribute 'FaultmemoryData' changed from 'N/A' to 'TESTFAULT'.
              [16:06:43] INFO   At Service 0x10 SubService 0x2 (atomic) .
              [16:06:43] INFO     - Attribute 'FaultmemoryData' changed from 'N/A' to 'TESTFAULT'.
              [16:06:43] INFO   At Service 0x10 SubService 0x3 (atomic) .
              [16:06:43] INFO     - Attribute 'FaultmemoryData' changed from 'N/A' to 'TESTFAULT'.
              [16:06:43] INFO   At Service 0x10 SubService 0x3 (atomic) .
              [16:06:43] INFO     - Attribute 'FaultmemoryData' changed from 'N/A' to 'TESTFAULT'.
              [16:06:43] INFO   At Service 0x22 SubService 0x1000 (atomic) .
              [16:06:43] INFO     - Attribute 'FaultmemoryData' changed from 'N/A' to 'TESTFAULT'.
              [16:06:43] INFO   At Service 0x27 SubService 0x1 (atomic) .
              [16:06:43] INFO     - Attribute 'FaultmemoryData' changed from 'N/A' to 'TESTFAULT'.
              [16:06:43] INFO   At Service 0x27 SubService 0x2 (atomic) .
              [16:06:43] INFO     - Attribute 'FaultmemoryData' changed from 'N/A' to 'TESTFAULT'.
              [16:06:43] NOTE     - Building Service Dids.
              [16:06:43] NOTE     - Building Routines.
              [16:06:43] NOTE     - Shape Routine Parameter Names.
              [16:06:43] INFO   <<<<<<<<<<<<<<<< ShapingStep DataDefinition( completed in 0s (0ms) <<<<<<<<<<<<<<<<.
              [16:06:43] INFO   >>>>>>>>>>>>>>>> ShapingStep DataIdentifier >>>>>>>>>>>>>>>>.
              [16:06:43] INFO   <<<<<<<<<<<<<<<< ShapingStep DataIdentifier( completed in 0s (0ms) <<<<<<<<<<<<<<<<.
              [16:06:43] INFO   >>>>>>>>>>>>>>>> ShapingStep Service >>>>>>>>>>>>>>>>.
              [16:06:43] INFO   At Service 0x10 .
              [16:06:43] INFO     - Qualifier changed from 'DefaultSession_Start' to 'DiagSessionControl'.
              [16:06:43] INFO     - Service action qualifier set to 'SessionControl'.
              [16:06:43] INFO   At Service 0x10 SubService 0x1 .
              [16:06:43] INFO     - SubService action qualifier set to 'StartSession'.
              [16:06:43] INFO   At Service 0x10 SubService 0x2 .
              [16:06:43] INFO     - SubService action qualifier set to 'StartSession'.
              [16:06:43] INFO   At Service 0x10 SubService 0x3 .
              [16:06:43] INFO     - SubService action qualifier set to 'StartSession'.
              [16:06:43] INFO   At Service 0x10 SubService 0x1 .
              [16:06:43] INFO     - Qualifier changed from 'DefaultSession_Start' to 'Default'.
              [16:06:43] INFO   At Service 0x10 SubService 0x2 .
              [16:06:43] INFO     - Qualifier changed from 'ProgrammingSession_Start' to 'Programming'.
              [16:06:43] INFO   At Service 0x10 SubService 0x3 .
              [16:06:43] INFO     - Qualifier changed from 'ExtendedDiagnosticSession_Start' to 'Extended'.
              [16:06:43] INFO   At Service 0x11 .
              [16:06:43] INFO     - Qualifier changed from 'ECU_Reset_HardReset_Process' to 'EcuReset'.
              [16:06:43] INFO   At Service 0x11 SubService 0x1 .
              [16:06:43] INFO     - SubService action qualifier set to 'EcuReset'.
              [16:06:43] INFO   At Service 0x11 SubService 0x1 .
              [16:06:43] INFO     - Qualifier changed from 'ECU_Reset_HardReset_Process' to 'Hard'.
              [16:06:43] INFO   At Service 0x14 .
              [16:06:43] INFO     - Qualifier changed from 'FaultMemory_Clear' to 'ClearDiagInfo'.
              [16:06:43] INFO   At Service 0x14 SubService .
              [16:06:43] INFO     - SubService action qualifier set to 'Clear'.
              [16:06:43] INFO     - Qualifier changed from 'FaultMemory_Clear' to 'ClearDiagInfo'.
              [16:06:43] INFO   At Service 0x19 .
              [16:06:43] INFO     - Qualifier changed from 'FaultMemory_ReadAllIdentified' to 'ReadDtcInfo'.
              [16:06:43] INFO   At Service 0x19 SubService 0x2 .
              [16:06:43] INFO     - SubService action qualifier set to 'ReadDtc'.
              [16:06:43] INFO   At Service 0x19 SubService 0x1 .
              [16:06:43] INFO     - SubService action qualifier set to 'ReadDtc'.
              [16:06:43] INFO   At Service 0x19 SubService 0x6 .
              [16:06:43] INFO     - SubService action qualifier set to 'ReadDtc'.
              [16:06:43] INFO   At Service 0x19 SubService 0x1 .
              [16:06:43] INFO     - Qualifier changed from 'FaultMemory_ReadNumber' to 'RNODTCBSM'.
              [16:06:43] INFO   At Service 0x19 SubService 0x2 .
              [16:06:43] INFO     - Qualifier changed from 'FaultMemory_ReadAllIdentified' to 'RDTCBSM'.
              [16:06:43] INFO   At Service 0x19 SubService 0x6 .
              [16:06:43] INFO     - Qualifier changed from 'FaultMemory_Read_extended' to 'RDTCEDRBDN'.
              [16:06:43] INFO   At Service 0x22 .
              [16:06:43] INFO     - Qualifier changed from 'Diag_RWDI_LightOnOffCounter_Read' to 'ReadDataById'.
              [16:06:43] INFO     - Service action qualifier set to 'Read'.
              [16:06:43] INFO   At Service 0x22 SubService 0x1000 .
              [16:06:43] INFO     - SubService action qualifier set to 'ReadDid'.
              [16:06:43] INFO   At Service 0x27 .
              [16:06:43] INFO     - Qualifier changed from 'Seed_Level1_Request' to 'SecurityAccess'.
              [16:06:43] INFO     - Service action qualifier set to 'SecurityAccess'.
              [16:06:43] INFO   At Service 0x27 SubService 0x2 .
              [16:06:43] INFO     - SubService action qualifier set to 'SendKey'.
              [16:06:43] INFO   At Service 0x27 SubService 0x1 .
              [16:06:43] INFO     - SubService action qualifier set to 'GetSeed'.
              [16:06:43] INFO   At Service 0x2e .
              [16:06:43] INFO     - Qualifier changed from 'Diag_RWDI_LightOnOffCounter_Write' to 'WriteDataById'.
              [16:06:43] INFO     - Service action qualifier set to 'Write'.
              [16:06:43] INFO   At Service 0x2e SubService 0x1000 .
              [16:06:43] INFO     - SubService action qualifier set to 'WriteDid'.
              [16:06:43] INFO   At Service 0x3e .
              [16:06:43] INFO     - Qualifier changed from 'TesterPresent_Send' to 'TesterPresent'.
              [16:06:43] INFO   At Service 0x3e SubService 0x0 .
              [16:06:43] INFO     - SubService action qualifier set to 'Send'.
              [16:06:43] INFO     - Qualifier changed from 'TesterPresent_Send' to 'TesterPresent'.
              [16:06:43] INFO   At Service 0x85 .
              [16:06:43] INFO     - Qualifier changed from 'ControlDTCSetting_On' to 'ControlDtcSetting'.
              [16:06:43] INFO   At Service 0x85 SubService 0x1 .
              [16:06:43] INFO     - SubService action qualifier set to 'ControlDtcSetting'.
              [16:06:43] INFO   At Service 0x85 SubService 0x2 .
              [16:06:43] INFO     - SubService action qualifier set to 'ControlDtcSetting'.
              [16:06:43] INFO   At Service 0x85 SubService 0x1 .
              [16:06:43] INFO     - Qualifier changed from 'ControlDTCSetting_On' to 'Enable'.
              [16:06:43] INFO   At Service 0x85 SubService 0x2 .
              [16:06:43] INFO     - Qualifier changed from 'ControlDTCSetting_Off' to 'Disable'.
              [16:06:43] INFO   <<<<<<<<<<<<<<<< ShapingStep Service( completed in 0s (0ms) <<<<<<<<<<<<<<<<.
              [16:06:43] INFO   >>>>>>>>>>>>>>>> ShapingStep StateMachine >>>>>>>>>>>>>>>>.
              [16:06:43] INFO   At Ecu .
              [16:06:43] INFO     - Session 'Default' does not have any P2 timings! Created default P2: 50ms.
              [16:06:43] INFO     - Session 'Default' does not have any P2Ex timings! Created default P2Ex: 5000ms.
              [16:06:43] INFO     - Session 'Programming' does not have any P2 timings! Created default P2: 50ms.
              [16:06:43] INFO     - Session 'Programming' does not have any P2Ex timings! Created default P2Ex: 5000ms.
              [16:06:43] INFO     - Session 'Extended' does not have any P2 timings! Created default P2: 50ms.
              [16:06:43] INFO     - Session 'Extended' does not have any P2Ex timings! Created default P2Ex: 5000ms.
              [16:06:43] NOTE     - Building Diagnostic Sessions.
              [16:06:43] NOTE     -  + Session 'Default' created.
              [16:06:43] NOTE     -  + Session 'Programming' created.
              [16:06:43] NOTE     -  + Session 'Extended' created.
              [16:06:43] NOTE     - Building Diagnostic Securities.
              [16:06:43] NOTE     -  + Security 'Level_01' created.
              [16:06:43] NOTE     - Building Access Conditions.
              [16:06:43] NOTE     -  + Access Cond '|' created.
              [16:06:43] NOTE     -  + Access Cond '02;03|' created.
              [16:06:43] NOTE     - Building Access Conditions - finshed.
              [16:06:43] INFO   <<<<<<<<<<<<<<<< ShapingStep StateMachine( completed in 0s (0ms) <<<<<<<<<<<<<<<<.
              [16:06:43] INFO   >>>>>>>>>>>>>>>> ShapingStep StateMachine2 >>>>>>>>>>>>>>>>.
              [16:06:43] INFO   <<<<<<<<<<<<<<<< ShapingStep StateMachine2( completed in 0s (0ms) <<<<<<<<<<<<<<<<.
              [16:06:43] INFO   >>>>>>>>>>>>>>>> ShapingStep Settings >>>>>>>>>>>>>>>>.
              [16:06:43] INFO   At Ecu 'New_ECU_1' .
              [16:06:43] INFO     - Set 'periodic rate slow' to default '1000'.
              [16:06:43] INFO     - Set 'periodic rate medium' to default '100'.
              [16:06:43] INFO     - Set 'periodic rate fast' to default '20'.
              [16:06:43] INFO     - Set 'maximum number of dynamically defined dids' to '5'.
              [16:06:43] INFO   <<<<<<<<<<<<<<<< ShapingStep Settings( completed in 0s (0ms) <<<<<<<<<<<<<<<<.
              [16:06:43] INFO   >>>>>>>>>>>>>>>> ShapingStep FaultMemory >>>>>>>>>>>>>>>>.
              [16:06:43] NOTE     - Building Diagnostic Event Memories.
              [16:06:43] INFO   At Ecu .
              [16:06:43] INFO     -  + Event-Memory 'PrimaryMemory' created.
              [16:06:43] INFO   At DTC 0x2 .
              [16:06:43] INFO     - Member Attribute 'DTC_CLASSIFICATION' set to 'NULL'.
              [16:06:43] INFO     - Member Attribute 'READINESS_GROUP' set to 'NULL'.
              [16:06:43] INFO     - Qualifier changed from 'DTC_2' to 'DTC_0x000002'.
              [16:06:43] INFO     - Member Attribute 'DTC_TYPE' set to default value 'Fault'.
              [16:06:43] INFO     - Member Attribute 'PRIORITY' set to '2'.
              [16:06:43] INFO     - Member Attribute 'OPERATION_CYCLE' set to 'DEM_IGNITION'.
              [16:06:43] INFO     - Member Attribute 'AGING_CYCLE' set to 'DEM_IGNITION'.
              [16:06:43] INFO     - Member Attribute 'AGING_COUNTER' set to '1'.
              [16:06:43] INFO     - Member Attribute 'HEALING_CYCLE' set to default value 'NULL'.
              [16:06:43] INFO     - Member Attribute 'HEALING_COUNTER' set to default value 'NULL'.
              [16:06:43] INFO     - Add to 'EventMemory' value(s) 'Primary'.
              [16:06:43] INFO     - Member Attribute 'AGING_ALLOWED' set to 'FALSE'.
              [16:06:43] INFO     - Member Attribute 'DEBOUNCE_SETTING' changed from 'NONE' to 'COUNTER_BASED'.
              [16:06:43] INFO   At DTC 0x2 Debounce type: 'COUNTER_BASED' .
              [16:06:43] INFO     - Counter Debounce Setting 'JUMP_PASSED' set to 'FALSE'.
              [16:06:43] INFO     - Counter Debounce Setting 'JUMP_FAILED' set to 'FALSE'.
              [16:06:43] INFO     - Attribute 'THRESHOLD_STORAGE' setting to default value 'NULL'.
              [16:06:43] INFO     - Attribute 'THRESHOLD_PASSED' setting to default value 'NULL'.
              [16:06:43] INFO     - Attribute 'THRESHOLD_FAILED' setting to default value 'NULL'.
              [16:06:43] INFO     - Counter Debounce Setting 'STEP_SIZE_FAILED' set to '1'.
              [16:06:43] INFO     - Counter Debounce Setting 'STEP_SIZE_PASSED' set to '1'.
              [16:06:43] INFO   At DTC 0x2 DEBOUNCE_SETTING: COUNTER_BASED .
              [16:06:43] INFO     - Counter Debounce Setting 'JUMP_FAILED' changed from 'FALSE' to 'TRUE'.
              [16:06:43] INFO   At Ecu 'New_ECU_1' .
              [16:06:43] INFO     - Set property 'ssrNumeration' to 'calculated'.
              [16:06:43] INFO     - Set property 'ssrUpdatable' to 'true'.
              [16:06:43] INFO     - Set property 'ecgNaming' to 'singleElem'.
              [16:06:43] INFO   <<<<<<<<<<<<<<<< ShapingStep FaultMemory( completed in 0s (0ms) <<<<<<<<<<<<<<<<.
              [16:06:43] INFO   >>>>>>>>>>>>>>>> ShapingStep FaultMemory2 >>>>>>>>>>>>>>>>.
              [16:06:43] NOTE     - Building DidSets. WWH-OBD supported: false.
              [16:06:43] INFO   <<<<<<<<<<<<<<<< ShapingStep FaultMemory2( completed in 0s (0ms) <<<<<<<<<<<<<<<<.
              [16:06:43] INFO   >>>>>>>>>>>>>>>> ShapingStep Obd >>>>>>>>>>>>>>>>.
              [16:06:43] NOTE     - Deleting OBD Sub-Services for Pids.
              [16:06:43] INFO   <<<<<<<<<<<<<<<< ShapingStep Obd( completed in 0s (0ms) <<<<<<<<<<<<<<<<.
              [16:06:43] INFO   >>>>>>>>>>>>>>>> ShapingStep CleanUp >>>>>>>>>>>>>>>>.
              [16:06:43] INFO   <<<<<<<<<<<<<<<< ShapingStep CleanUp( completed in 0s (0ms) <<<<<<<<<<<<<<<<.
              [16:06:43] INFO   <<<<<<<<<<<<<<<< SHAPING finished after 0s (0ms) <<<<<<<<<<<<<<<<.
              [16:06:43] INFO   Shaping AR-Export.
              [16:06:43] INFO   ----> Shaping DescDataModel.
              [16:06:43] INFO   ----> Shape DID data.
              [16:06:43] INFO   <---- Finished shaping DID data.
              [16:06:43] INFO   ----> Shape service data.
              [16:06:43] INFO   <---- Finished shaping service data.
              [16:06:43] INFO   <---- Finished shaping DescDataModel .
              [16:06:43] INFO   Exporting ECUC module configurations to file: C:\Users\fengzixuan\AppData\Local\Temp\DaVinci\Cfg-8949349\DiagnosticsImportService\1715674002902-0\DiagnosticsDescriptionData3504702245949777682.xml.
              [16:06:43] INFO   ----> Create ECUC from imported diagnostic data.
              [16:06:43] NOTE   Using EcucEx-Parameter 'DemDidQualifierMode' = 'R19' (default).
              [16:06:43] NOTE   Using EcucEx-Parameter 'DcmQualifierMode' = 'R19' (default).
              [16:06:43] INFO   ----> STEP 1: Create ECUC model.
              [16:06:43] INFO   Creating Dcm module configuration...
              [16:06:43] INFO   Creating Dem module configuration...
              [16:06:43] INFO   <---- STEP 1: Finished.
              [16:06:43] INFO   ----> STEP 2: Postprocess created ECUC model.
              [16:06:43] INFO   ----> Decorate imported object qualifiers/shortnames.
              [16:06:43] INFO   <---- Finished decorating qualifiers/shortnames.
              [16:06:43] INFO   ----> Transform imported object qualifiers/shortnames to match AUTOSAR IDENTIFIER pattern restriction (except length limit).
              [16:06:43] INFO   <---- Finished transforming shortnames.
              [16:06:43] INFO   ----> Ensure uniqueness of container shortnames within their scope.
              [16:06:43] INFO   <---- Finished ensuring uniqueness of container shortnames.
              [16:06:43] INFO   ----> Truncate shortnames whose length exceeds the 128 character limit for AUTOSAR shortnames.
              [16:06:43] INFO   <---- Finished truncating shortnames.
              [16:06:43] INFO   ----> Resolve reference parameters.
              [16:06:43] INFO   <---- Finished resolving reference parameters.
              [16:06:43] INFO   <---- STEP 2: Finished.
              [16:06:43] INFO   ----> STEP 3: Serialize ECUC model to XML.
              [16:06:43] INFO   <---- STEP 3: Finished.
              [16:06:43] INFO   <---- Finished creation of ECUC from imported diagnostic data.
              [16:06:43] INFO   <---- Process of diagnostic specification.
 16:06:43 - Action 'Converting legacy diagnostics file(s) to AUTOSAR files' successfully finished.
 16:06:43 - Action 'Input File Pre-Processing' aborted due to errors.
                 [FatalError] java.nio.file.NoSuchFileException: C:\Users\fengzixuan\AppData\Local\Temp\DaVinci\Cfg-8949349\Workflow\1715673961008-0\MERGE_SYSTEM_EXTRACTS-1715673997214-0\MergedSystemExtract.arxml.
16:06:43 - Workflow 'Update workflow.' aborted due to errors.
                [FatalError] The Activity 'Input File Pre-Processing' was not successful, so 'Update workflow.' was aborted.
